c:\users\gamel\documents\matt\capstone\new\johnson_hw3\johnson_hw3\debug\vc140.pdb
c:\users\gamel\documents\matt\capstone\new\johnson_hw3\johnson_hw3\debug\vc140.idb
c:\users\gamel\documents\matt\capstone\new\johnson_hw3\johnson_hw3\debug\texture.obj
c:\users\gamel\documents\matt\capstone\new\johnson_hw3\johnson_hw3\debug\source.obj
c:\users\gamel\documents\matt\capstone\new\johnson_hw3\johnson_hw3\debug\player.obj
c:\users\gamel\documents\matt\capstone\new\johnson_hw3\johnson_hw3\debug\level.obj
c:\users\gamel\documents\matt\capstone\new\johnson_hw3\johnson_hw3\debug\grlloader.obj
c:\users\gamel\documents\matt\capstone\new\johnson_hw3\johnson_hw3\debug\gobject.obj
c:\users\gamel\documents\matt\capstone\new\johnson_hw3\johnson_hw3\debug\collider.obj
c:\users\gamel\documents\matt\capstone\new\johnson_hw3\johnson_hw3\debug\lecture5.ilk
c:\users\gamel\documents\matt\capstone\new\johnson_hw3\johnson_hw3\debug\lecture5.exe
c:\users\gamel\documents\matt\capstone\new\johnson_hw3\johnson_hw3\debug\lecture5.pdb
c:\users\gamel\documents\matt\capstone\new\johnson_hw3\johnson_hw3\debug\lecture5.res
c:\users\gamel\documents\matt\capstone\new\johnson_hw3\johnson_hw3\debug\lecture5.tlog\cl.command.1.tlog
c:\users\gamel\documents\matt\capstone\new\johnson_hw3\johnson_hw3\debug\lecture5.tlog\cl.read.1.tlog
c:\users\gamel\documents\matt\capstone\new\johnson_hw3\johnson_hw3\debug\lecture5.tlog\cl.write.1.tlog
c:\users\gamel\documents\matt\capstone\new\johnson_hw3\johnson_hw3\debug\lecture5.tlog\link.command.1.tlog
c:\users\gamel\documents\matt\capstone\new\johnson_hw3\johnson_hw3\debug\lecture5.tlog\link.read.1.tlog
c:\users\gamel\documents\matt\capstone\new\johnson_hw3\johnson_hw3\debug\lecture5.tlog\link.write.1.tlog
c:\users\gamel\documents\matt\capstone\new\johnson_hw3\johnson_hw3\debug\lecture5.tlog\rc.command.1.tlog
c:\users\gamel\documents\matt\capstone\new\johnson_hw3\johnson_hw3\debug\lecture5.tlog\rc.read.1.tlog
c:\users\gamel\documents\matt\capstone\new\johnson_hw3\johnson_hw3\debug\lecture5.tlog\rc.write.1.tlog
